{"/home/angel/Рабочий стол/sirius/gift-tracker/app.js": {"path":"/home/angel/Рабочий стол/sirius/gift-tracker/app.js","statementMap":{"0":{"start":{"line":12,"column":0},"end":{"line":12,"column":16}},"1":{"start":{"line":14,"column":12},"end":{"line":14,"column":21}},"2":{"start":{"line":15,"column":13},"end":{"line":15,"column":37}},"3":{"start":{"line":17,"column":0},"end":{"line":17,"column":51}},"4":{"start":{"line":18,"column":0},"end":{"line":18,"column":27}},"5":{"start":{"line":19,"column":0},"end":{"line":24,"column":4}},"6":{"start":{"line":26,"column":0},"end":{"line":26,"column":60}},"7":{"start":{"line":29,"column":0},"end":{"line":29,"column":29}},"8":{"start":{"line":30,"column":0},"end":{"line":30,"column":33}},"9":{"start":{"line":31,"column":0},"end":{"line":31,"column":30}},"10":{"start":{"line":32,"column":0},"end":{"line":32,"column":31}},"11":{"start":{"line":33,"column":0},"end":{"line":33,"column":22}},"12":{"start":{"line":35,"column":0},"end":{"line":37,"column":3}},"13":{"start":{"line":36,"column":4},"end":{"line":36,"column":67}},"14":{"start":{"line":40,"column":0},"end":{"line":44,"column":3}},"15":{"start":{"line":41,"column":16},"end":{"line":41,"column":46}},"16":{"start":{"line":42,"column":4},"end":{"line":42,"column":21}},"17":{"start":{"line":43,"column":4},"end":{"line":43,"column":14}},"18":{"start":{"line":52,"column":15},"end":{"line":54,"column":2}},"19":{"start":{"line":53,"column":4},"end":{"line":53,"column":62}}},"fnMap":{"0":{"name":"(anonymous_0)","decl":{"start":{"line":35,"column":13},"end":{"line":35,"column":14}},"loc":{"start":{"line":35,"column":27},"end":{"line":37,"column":1}},"line":35},"1":{"name":"(anonymous_1)","decl":{"start":{"line":40,"column":23},"end":{"line":40,"column":24}},"loc":{"start":{"line":40,"column":43},"end":{"line":44,"column":1}},"line":40},"2":{"name":"(anonymous_2)","decl":{"start":{"line":52,"column":32},"end":{"line":52,"column":33}},"loc":{"start":{"line":52,"column":38},"end":{"line":54,"column":1}},"line":52}},"branchMap":{"0":{"loc":{"start":{"line":15,"column":13},"end":{"line":15,"column":37}},"type":"binary-expr","locations":[{"start":{"line":15,"column":13},"end":{"line":15,"column":29}},{"start":{"line":15,"column":33},"end":{"line":15,"column":37}}],"line":15}},"s":{"0":5,"1":5,"2":5,"3":5,"4":5,"5":5,"6":5,"7":5,"8":5,"9":5,"10":5,"11":5,"12":5,"13":0,"14":5,"15":1,"16":1,"17":1,"18":5,"19":5},"f":{"0":0,"1":1,"2":5},"b":{"0":[5,0]},"_coverageSchema":"1a1c01bbd47fc00a2c39e90264f33305004495a9","hash":"a34366b249afadba3a387d8150c18e54d8661c58"}
,"/home/angel/Рабочий стол/sirius/gift-tracker/middleware/checkAdmin.js": {"path":"/home/angel/Рабочий стол/sirius/gift-tracker/middleware/checkAdmin.js","statementMap":{"0":{"start":{"line":2,"column":4},"end":{"line":6,"column":5}},"1":{"start":{"line":3,"column":8},"end":{"line":3,"column":15}},"2":{"start":{"line":5,"column":8},"end":{"line":5,"column":48}}},"fnMap":{"0":{"name":"checkAdminRole","decl":{"start":{"line":1,"column":16},"end":{"line":1,"column":30}},"loc":{"start":{"line":1,"column":47},"end":{"line":7,"column":1}},"line":1}},"branchMap":{"0":{"loc":{"start":{"line":2,"column":4},"end":{"line":6,"column":5}},"type":"if","locations":[{"start":{"line":2,"column":4},"end":{"line":6,"column":5}},{"start":{"line":4,"column":11},"end":{"line":6,"column":5}}],"line":2},"1":{"loc":{"start":{"line":2,"column":8},"end":{"line":2,"column":61}},"type":"binary-expr","locations":[{"start":{"line":2,"column":8},"end":{"line":2,"column":24}},{"start":{"line":2,"column":28},"end":{"line":2,"column":61}}],"line":2}},"s":{"0":5,"1":1,"2":3},"f":{"0":5},"b":{"0":[1,3],"1":[5,3]},"_coverageSchema":"1a1c01bbd47fc00a2c39e90264f33305004495a9","hash":"0e12149c92673f0fd218ae684f5453039dd11518"}
,"/home/angel/Рабочий стол/sirius/gift-tracker/middleware/errorHandler.js": {"path":"/home/angel/Рабочий стол/sirius/gift-tracker/middleware/errorHandler.js","statementMap":{"0":{"start":{"line":1,"column":21},"end":{"line":12,"column":1}},"1":{"start":{"line":2,"column":4},"end":{"line":8,"column":5}},"2":{"start":{"line":3,"column":8},"end":{"line":3,"column":57}},"3":{"start":{"line":4,"column":8},"end":{"line":4,"column":121}},"4":{"start":{"line":5,"column":11},"end":{"line":8,"column":5}},"5":{"start":{"line":6,"column":8},"end":{"line":6,"column":72}},"6":{"start":{"line":7,"column":8},"end":{"line":7,"column":84}},"7":{"start":{"line":10,"column":4},"end":{"line":10,"column":54}},"8":{"start":{"line":11,"column":4},"end":{"line":11,"column":87}}},"fnMap":{"0":{"name":"(anonymous_0)","decl":{"start":{"line":1,"column":21},"end":{"line":1,"column":22}},"loc":{"start":{"line":1,"column":46},"end":{"line":12,"column":1}},"line":1}},"branchMap":{"0":{"loc":{"start":{"line":2,"column":4},"end":{"line":8,"column":5}},"type":"if","locations":[{"start":{"line":2,"column":4},"end":{"line":8,"column":5}},{"start":{"line":5,"column":11},"end":{"line":8,"column":5}}],"line":2},"1":{"loc":{"start":{"line":5,"column":11},"end":{"line":8,"column":5}},"type":"if","locations":[{"start":{"line":5,"column":11},"end":{"line":8,"column":5}},{"start":{},"end":{}}],"line":5}},"s":{"0":6,"1":3,"2":1,"3":1,"4":2,"5":1,"6":1,"7":1,"8":1},"f":{"0":3},"b":{"0":[1,2],"1":[1,1]},"_coverageSchema":"1a1c01bbd47fc00a2c39e90264f33305004495a9","hash":"ace80a9cad6a996a800ff74e724785004d761f01"}
,"/home/angel/Рабочий стол/sirius/gift-tracker/models/db.js": {"path":"/home/angel/Рабочий стол/sirius/gift-tracker/models/db.js","statementMap":{"0":{"start":{"line":2,"column":17},"end":{"line":2,"column":20}},"1":{"start":{"line":5,"column":0},"end":{"line":5,"column":16}},"2":{"start":{"line":7,"column":13},"end":{"line":13,"column":2}}},"fnMap":{},"branchMap":{},"s":{"0":5,"1":5,"2":5},"f":{},"b":{},"_coverageSchema":"1a1c01bbd47fc00a2c39e90264f33305004495a9","hash":"3dbe1e0694eff8cc58363fdd31ea9ffd5d905bf2"}
,"/home/angel/Рабочий стол/sirius/gift-tracker/routes/admin.js": {"path":"/home/angel/Рабочий стол/sirius/gift-tracker/routes/admin.js","statementMap":{"0":{"start":{"line":6,"column":15},"end":{"line":6,"column":31}},"1":{"start":{"line":9,"column":0},"end":{"line":17,"column":3}},"2":{"start":{"line":10,"column":4},"end":{"line":16,"column":5}},"3":{"start":{"line":11,"column":22},"end":{"line":11,"column":61}},"4":{"start":{"line":12,"column":8},"end":{"line":12,"column":29}},"5":{"start":{"line":14,"column":8},"end":{"line":14,"column":54}},"6":{"start":{"line":15,"column":8},"end":{"line":15,"column":105}},"7":{"start":{"line":20,"column":0},"end":{"line":48,"column":3}},"8":{"start":{"line":21,"column":50},"end":{"line":21,"column":58}},"9":{"start":{"line":22,"column":4},"end":{"line":24,"column":5}},"10":{"start":{"line":23,"column":8},"end":{"line":23,"column":86}},"11":{"start":{"line":26,"column":4},"end":{"line":47,"column":5}},"12":{"start":{"line":27,"column":29},"end":{"line":27,"column":100}},"13":{"start":{"line":28,"column":8},"end":{"line":30,"column":9}},"14":{"start":{"line":29,"column":12},"end":{"line":29,"column":87}},"15":{"start":{"line":32,"column":31},"end":{"line":32,"column":62}},"16":{"start":{"line":34,"column":23},"end":{"line":37,"column":9}},"17":{"start":{"line":39,"column":24},"end":{"line":39,"column":38}},"18":{"start":{"line":40,"column":8},"end":{"line":40,"column":38}},"19":{"start":{"line":42,"column":8},"end":{"line":45,"column":9}},"20":{"start":{"line":43,"column":12},"end":{"line":43,"column":89}},"21":{"start":{"line":44,"column":12},"end":{"line":44,"column":102}},"22":{"start":{"line":46,"column":8},"end":{"line":46,"column":20}},"23":{"start":{"line":52,"column":0},"end":{"line":64,"column":3}},"24":{"start":{"line":53,"column":19},"end":{"line":53,"column":32}},"25":{"start":{"line":54,"column":4},"end":{"line":63,"column":5}},"26":{"start":{"line":55,"column":23},"end":{"line":55,"column":84}},"27":{"start":{"line":56,"column":8},"end":{"line":58,"column":9}},"28":{"start":{"line":57,"column":12},"end":{"line":57,"column":82}},"29":{"start":{"line":59,"column":8},"end":{"line":59,"column":40}},"30":{"start":{"line":61,"column":8},"end":{"line":61,"column":53}},"31":{"start":{"line":62,"column":8},"end":{"line":62,"column":96}},"32":{"start":{"line":67,"column":0},"end":{"line":75,"column":3}},"33":{"start":{"line":68,"column":4},"end":{"line":74,"column":5}},"34":{"start":{"line":69,"column":23},"end":{"line":69,"column":63}},"35":{"start":{"line":70,"column":8},"end":{"line":70,"column":30}},"36":{"start":{"line":72,"column":8},"end":{"line":72,"column":55}},"37":{"start":{"line":73,"column":8},"end":{"line":73,"column":97}},"38":{"start":{"line":78,"column":0},"end":{"line":105,"column":3}},"39":{"start":{"line":79,"column":29},"end":{"line":79,"column":37}},"40":{"start":{"line":81,"column":4},"end":{"line":83,"column":5}},"41":{"start":{"line":82,"column":8},"end":{"line":82,"column":103}},"42":{"start":{"line":85,"column":4},"end":{"line":87,"column":5}},"43":{"start":{"line":86,"column":8},"end":{"line":86,"column":76}},"44":{"start":{"line":89,"column":4},"end":{"line":104,"column":5}},"45":{"start":{"line":91,"column":27},"end":{"line":91,"column":90}},"46":{"start":{"line":92,"column":8},"end":{"line":94,"column":9}},"47":{"start":{"line":93,"column":12},"end":{"line":93,"column":86}},"48":{"start":{"line":96,"column":26},"end":{"line":99,"column":9}},"49":{"start":{"line":100,"column":8},"end":{"line":100,"column":48}},"50":{"start":{"line":102,"column":8},"end":{"line":102,"column":55}},"51":{"start":{"line":103,"column":8},"end":{"line":103,"column":92}},"52":{"start":{"line":108,"column":0},"end":{"line":120,"column":3}},"53":{"start":{"line":109,"column":21},"end":{"line":109,"column":34}},"54":{"start":{"line":110,"column":4},"end":{"line":119,"column":5}},"55":{"start":{"line":111,"column":23},"end":{"line":111,"column":87}},"56":{"start":{"line":112,"column":8},"end":{"line":114,"column":9}},"57":{"start":{"line":113,"column":12},"end":{"line":113,"column":77}},"58":{"start":{"line":115,"column":8},"end":{"line":115,"column":35}},"59":{"start":{"line":117,"column":8},"end":{"line":117,"column":55}},"60":{"start":{"line":118,"column":8},"end":{"line":118,"column":92}},"61":{"start":{"line":123,"column":0},"end":{"line":131,"column":3}},"62":{"start":{"line":124,"column":4},"end":{"line":130,"column":5}},"63":{"start":{"line":125,"column":23},"end":{"line":125,"column":62}},"64":{"start":{"line":126,"column":8},"end":{"line":126,"column":30}},"65":{"start":{"line":128,"column":8},"end":{"line":128,"column":54}},"66":{"start":{"line":129,"column":8},"end":{"line":129,"column":100}},"67":{"start":{"line":134,"column":0},"end":{"line":156,"column":3}},"68":{"start":{"line":135,"column":56},"end":{"line":135,"column":64}},"69":{"start":{"line":136,"column":4},"end":{"line":138,"column":5}},"70":{"start":{"line":137,"column":8},"end":{"line":137,"column":87}},"71":{"start":{"line":140,"column":4},"end":{"line":155,"column":5}},"72":{"start":{"line":142,"column":29},"end":{"line":142,"column":95}},"73":{"start":{"line":143,"column":8},"end":{"line":145,"column":9}},"74":{"start":{"line":144,"column":12},"end":{"line":144,"column":81}},"75":{"start":{"line":147,"column":24},"end":{"line":150,"column":9}},"76":{"start":{"line":151,"column":8},"end":{"line":151,"column":46}},"77":{"start":{"line":153,"column":8},"end":{"line":153,"column":53}},"78":{"start":{"line":154,"column":8},"end":{"line":154,"column":91}},"79":{"start":{"line":159,"column":0},"end":{"line":176,"column":3}},"80":{"start":{"line":160,"column":19},"end":{"line":160,"column":32}},"81":{"start":{"line":161,"column":28},"end":{"line":161,"column":36}},"82":{"start":{"line":162,"column":4},"end":{"line":164,"column":5}},"83":{"start":{"line":163,"column":8},"end":{"line":163,"column":80}},"84":{"start":{"line":166,"column":4},"end":{"line":175,"column":5}},"85":{"start":{"line":167,"column":23},"end":{"line":167,"column":126}},"86":{"start":{"line":168,"column":8},"end":{"line":170,"column":9}},"87":{"start":{"line":169,"column":12},"end":{"line":169,"column":77}},"88":{"start":{"line":171,"column":8},"end":{"line":171,"column":44}},"89":{"start":{"line":173,"column":8},"end":{"line":173,"column":60}},"90":{"start":{"line":174,"column":8},"end":{"line":174,"column":101}},"91":{"start":{"line":179,"column":0},"end":{"line":191,"column":3}},"92":{"start":{"line":180,"column":19},"end":{"line":180,"column":32}},"93":{"start":{"line":181,"column":4},"end":{"line":190,"column":5}},"94":{"start":{"line":182,"column":23},"end":{"line":182,"column":84}},"95":{"start":{"line":183,"column":8},"end":{"line":185,"column":9}},"96":{"start":{"line":184,"column":12},"end":{"line":184,"column":77}},"97":{"start":{"line":186,"column":8},"end":{"line":186,"column":35}},"98":{"start":{"line":188,"column":8},"end":{"line":188,"column":53}},"99":{"start":{"line":189,"column":8},"end":{"line":189,"column":91}}},"fnMap":{"0":{"name":"(anonymous_0)","decl":{"start":{"line":9,"column":37},"end":{"line":9,"column":38}},"loc":{"start":{"line":9,"column":57},"end":{"line":17,"column":1}},"line":9},"1":{"name":"(anonymous_1)","decl":{"start":{"line":20,"column":38},"end":{"line":20,"column":39}},"loc":{"start":{"line":20,"column":64},"end":{"line":48,"column":1}},"line":20},"2":{"name":"(anonymous_2)","decl":{"start":{"line":52,"column":44},"end":{"line":52,"column":45}},"loc":{"start":{"line":52,"column":64},"end":{"line":64,"column":1}},"line":52},"3":{"name":"(anonymous_3)","decl":{"start":{"line":67,"column":38},"end":{"line":67,"column":39}},"loc":{"start":{"line":67,"column":58},"end":{"line":75,"column":1}},"line":67},"4":{"name":"(anonymous_4)","decl":{"start":{"line":78,"column":39},"end":{"line":78,"column":40}},"loc":{"start":{"line":78,"column":59},"end":{"line":105,"column":1}},"line":78},"5":{"name":"(anonymous_5)","decl":{"start":{"line":108,"column":45},"end":{"line":108,"column":46}},"loc":{"start":{"line":108,"column":65},"end":{"line":120,"column":1}},"line":108},"6":{"name":"(anonymous_6)","decl":{"start":{"line":123,"column":37},"end":{"line":123,"column":38}},"loc":{"start":{"line":123,"column":57},"end":{"line":131,"column":1}},"line":123},"7":{"name":"(anonymous_7)","decl":{"start":{"line":134,"column":38},"end":{"line":134,"column":39}},"loc":{"start":{"line":134,"column":58},"end":{"line":156,"column":1}},"line":134},"8":{"name":"(anonymous_8)","decl":{"start":{"line":159,"column":41},"end":{"line":159,"column":42}},"loc":{"start":{"line":159,"column":61},"end":{"line":176,"column":1}},"line":159},"9":{"name":"(anonymous_9)","decl":{"start":{"line":179,"column":44},"end":{"line":179,"column":45}},"loc":{"start":{"line":179,"column":64},"end":{"line":191,"column":1}},"line":179}},"branchMap":{"0":{"loc":{"start":{"line":21,"column":32},"end":{"line":21,"column":45}},"type":"default-arg","locations":[{"start":{"line":21,"column":39},"end":{"line":21,"column":45}}],"line":21},"1":{"loc":{"start":{"line":22,"column":4},"end":{"line":24,"column":5}},"type":"if","locations":[{"start":{"line":22,"column":4},"end":{"line":24,"column":5}},{"start":{},"end":{}}],"line":22},"2":{"loc":{"start":{"line":22,"column":8},"end":{"line":22,"column":30}},"type":"binary-expr","locations":[{"start":{"line":22,"column":8},"end":{"line":22,"column":17}},{"start":{"line":22,"column":21},"end":{"line":22,"column":30}}],"line":22},"3":{"loc":{"start":{"line":28,"column":8},"end":{"line":30,"column":9}},"type":"if","locations":[{"start":{"line":28,"column":8},"end":{"line":30,"column":9}},{"start":{},"end":{}}],"line":28},"4":{"loc":{"start":{"line":42,"column":8},"end":{"line":45,"column":9}},"type":"if","locations":[{"start":{"line":42,"column":8},"end":{"line":45,"column":9}},{"start":{},"end":{}}],"line":42},"5":{"loc":{"start":{"line":56,"column":8},"end":{"line":58,"column":9}},"type":"if","locations":[{"start":{"line":56,"column":8},"end":{"line":58,"column":9}},{"start":{},"end":{}}],"line":56},"6":{"loc":{"start":{"line":81,"column":4},"end":{"line":83,"column":5}},"type":"if","locations":[{"start":{"line":81,"column":4},"end":{"line":83,"column":5}},{"start":{},"end":{}}],"line":81},"7":{"loc":{"start":{"line":85,"column":4},"end":{"line":87,"column":5}},"type":"if","locations":[{"start":{"line":85,"column":4},"end":{"line":87,"column":5}},{"start":{},"end":{}}],"line":85},"8":{"loc":{"start":{"line":85,"column":8},"end":{"line":85,"column":35}},"type":"binary-expr","locations":[{"start":{"line":85,"column":8},"end":{"line":85,"column":13}},{"start":{"line":85,"column":17},"end":{"line":85,"column":35}}],"line":85},"9":{"loc":{"start":{"line":92,"column":8},"end":{"line":94,"column":9}},"type":"if","locations":[{"start":{"line":92,"column":8},"end":{"line":94,"column":9}},{"start":{},"end":{}}],"line":92},"10":{"loc":{"start":{"line":112,"column":8},"end":{"line":114,"column":9}},"type":"if","locations":[{"start":{"line":112,"column":8},"end":{"line":114,"column":9}},{"start":{},"end":{}}],"line":112},"11":{"loc":{"start":{"line":135,"column":32},"end":{"line":135,"column":51}},"type":"default-arg","locations":[{"start":{"line":135,"column":46},"end":{"line":135,"column":51}}],"line":135},"12":{"loc":{"start":{"line":136,"column":4},"end":{"line":138,"column":5}},"type":"if","locations":[{"start":{"line":136,"column":4},"end":{"line":138,"column":5}},{"start":{},"end":{}}],"line":136},"13":{"loc":{"start":{"line":136,"column":8},"end":{"line":136,"column":30}},"type":"binary-expr","locations":[{"start":{"line":136,"column":8},"end":{"line":136,"column":17}},{"start":{"line":136,"column":21},"end":{"line":136,"column":30}}],"line":136},"14":{"loc":{"start":{"line":143,"column":8},"end":{"line":145,"column":9}},"type":"if","locations":[{"start":{"line":143,"column":8},"end":{"line":145,"column":9}},{"start":{},"end":{}}],"line":143},"15":{"loc":{"start":{"line":162,"column":4},"end":{"line":164,"column":5}},"type":"if","locations":[{"start":{"line":162,"column":4},"end":{"line":164,"column":5}},{"start":{},"end":{}}],"line":162},"16":{"loc":{"start":{"line":168,"column":8},"end":{"line":170,"column":9}},"type":"if","locations":[{"start":{"line":168,"column":8},"end":{"line":170,"column":9}},{"start":{},"end":{}}],"line":168},"17":{"loc":{"start":{"line":183,"column":8},"end":{"line":185,"column":9}},"type":"if","locations":[{"start":{"line":183,"column":8},"end":{"line":185,"column":9}},{"start":{},"end":{}}],"line":183}},"s":{"0":5,"1":5,"2":0,"3":0,"4":0,"5":0,"6":0,"7":5,"8":0,"9":0,"10":0,"11":0,"12":0,"13":0,"14":0,"15":0,"16":0,"17":0,"18":0,"19":0,"20":0,"21":0,"22":0,"23":5,"24":0,"25":0,"26":0,"27":0,"28":0,"29":0,"30":0,"31":0,"32":5,"33":0,"34":0,"35":0,"36":0,"37":0,"38":5,"39":0,"40":0,"41":0,"42":0,"43":0,"44":0,"45":0,"46":0,"47":0,"48":0,"49":0,"50":0,"51":0,"52":5,"53":0,"54":0,"55":0,"56":0,"57":0,"58":0,"59":0,"60":0,"61":5,"62":0,"63":0,"64":0,"65":0,"66":0,"67":5,"68":0,"69":0,"70":0,"71":0,"72":0,"73":0,"74":0,"75":0,"76":0,"77":0,"78":0,"79":5,"80":0,"81":0,"82":0,"83":0,"84":0,"85":0,"86":0,"87":0,"88":0,"89":0,"90":0,"91":5,"92":0,"93":0,"94":0,"95":0,"96":0,"97":0,"98":0,"99":0},"f":{"0":0,"1":0,"2":0,"3":0,"4":0,"5":0,"6":0,"7":0,"8":0,"9":0},"b":{"0":[0],"1":[0,0],"2":[0,0],"3":[0,0],"4":[0,0],"5":[0,0],"6":[0,0],"7":[0,0],"8":[0,0],"9":[0,0],"10":[0,0],"11":[0],"12":[0,0],"13":[0,0],"14":[0,0],"15":[0,0],"16":[0,0],"17":[0,0]},"_coverageSchema":"1a1c01bbd47fc00a2c39e90264f33305004495a9","hash":"9c1593555c14977cf94005fe4a92cef5f8aa6aa2"}
,"/home/angel/Рабочий стол/sirius/gift-tracker/routes/auth.js": {"path":"/home/angel/Рабочий стол/sirius/gift-tracker/routes/auth.js","statementMap":{"0":{"start":{"line":6,"column":15},"end":{"line":6,"column":31}},"1":{"start":{"line":8,"column":25},"end":{"line":14,"column":1}},"2":{"start":{"line":9,"column":35},"end":{"line":9,"column":43}},"3":{"start":{"line":10,"column":4},"end":{"line":12,"column":5}},"4":{"start":{"line":11,"column":8},"end":{"line":11,"column":90}},"5":{"start":{"line":13,"column":4},"end":{"line":13,"column":11}},"6":{"start":{"line":17,"column":0},"end":{"line":31,"column":3}},"7":{"start":{"line":18,"column":50},"end":{"line":18,"column":58}},"8":{"start":{"line":19,"column":4},"end":{"line":30,"column":5}},"9":{"start":{"line":20,"column":27},"end":{"line":20,"column":98}},"10":{"start":{"line":21,"column":8},"end":{"line":23,"column":9}},"11":{"start":{"line":22,"column":12},"end":{"line":22,"column":85}},"12":{"start":{"line":25,"column":31},"end":{"line":25,"column":62}},"13":{"start":{"line":26,"column":8},"end":{"line":26,"column":127}},"14":{"start":{"line":27,"column":8},"end":{"line":27,"column":74}},"15":{"start":{"line":29,"column":8},"end":{"line":29,"column":69}},"16":{"start":{"line":34,"column":0},"end":{"line":52,"column":3}},"17":{"start":{"line":35,"column":35},"end":{"line":35,"column":43}},"18":{"start":{"line":36,"column":4},"end":{"line":51,"column":5}},"19":{"start":{"line":37,"column":21},"end":{"line":37,"column":92}},"20":{"start":{"line":38,"column":8},"end":{"line":40,"column":9}},"21":{"start":{"line":39,"column":12},"end":{"line":39,"column":93}},"22":{"start":{"line":42,"column":30},"end":{"line":42,"column":83}},"23":{"start":{"line":43,"column":8},"end":{"line":45,"column":9}},"24":{"start":{"line":44,"column":12},"end":{"line":44,"column":93}},"25":{"start":{"line":47,"column":8},"end":{"line":47,"column":76}},"26":{"start":{"line":48,"column":8},"end":{"line":48,"column":80}},"27":{"start":{"line":50,"column":8},"end":{"line":50,"column":63}},"28":{"start":{"line":55,"column":0},"end":{"line":62,"column":3}},"29":{"start":{"line":56,"column":4},"end":{"line":61,"column":7}},"30":{"start":{"line":60,"column":8},"end":{"line":60,"column":53}},"31":{"start":{"line":64,"column":0},"end":{"line":64,"column":25}}},"fnMap":{"0":{"name":"(anonymous_0)","decl":{"start":{"line":8,"column":25},"end":{"line":8,"column":26}},"loc":{"start":{"line":8,"column":45},"end":{"line":14,"column":1}},"line":8},"1":{"name":"(anonymous_1)","decl":{"start":{"line":17,"column":43},"end":{"line":17,"column":44}},"loc":{"start":{"line":17,"column":69},"end":{"line":31,"column":1}},"line":17},"2":{"name":"(anonymous_2)","decl":{"start":{"line":34,"column":40},"end":{"line":34,"column":41}},"loc":{"start":{"line":34,"column":66},"end":{"line":52,"column":1}},"line":34},"3":{"name":"(anonymous_3)","decl":{"start":{"line":55,"column":23},"end":{"line":55,"column":24}},"loc":{"start":{"line":55,"column":43},"end":{"line":62,"column":1}},"line":55},"4":{"name":"(anonymous_4)","decl":{"start":{"line":56,"column":24},"end":{"line":56,"column":25}},"loc":{"start":{"line":56,"column":31},"end":{"line":61,"column":5}},"line":56}},"branchMap":{"0":{"loc":{"start":{"line":10,"column":4},"end":{"line":12,"column":5}},"type":"if","locations":[{"start":{"line":10,"column":4},"end":{"line":12,"column":5}},{"start":{},"end":{}}],"line":10},"1":{"loc":{"start":{"line":10,"column":8},"end":{"line":10,"column":30}},"type":"binary-expr","locations":[{"start":{"line":10,"column":8},"end":{"line":10,"column":17}},{"start":{"line":10,"column":21},"end":{"line":10,"column":30}}],"line":10},"2":{"loc":{"start":{"line":18,"column":32},"end":{"line":18,"column":45}},"type":"default-arg","locations":[{"start":{"line":18,"column":39},"end":{"line":18,"column":45}}],"line":18},"3":{"loc":{"start":{"line":21,"column":8},"end":{"line":23,"column":9}},"type":"if","locations":[{"start":{"line":21,"column":8},"end":{"line":23,"column":9}},{"start":{},"end":{}}],"line":21},"4":{"loc":{"start":{"line":38,"column":8},"end":{"line":40,"column":9}},"type":"if","locations":[{"start":{"line":38,"column":8},"end":{"line":40,"column":9}},{"start":{},"end":{}}],"line":38},"5":{"loc":{"start":{"line":43,"column":8},"end":{"line":45,"column":9}},"type":"if","locations":[{"start":{"line":43,"column":8},"end":{"line":45,"column":9}},{"start":{},"end":{}}],"line":43}},"s":{"0":5,"1":5,"2":18,"3":18,"4":2,"5":16,"6":5,"7":7,"8":7,"9":7,"10":7,"11":4,"12":3,"13":3,"14":3,"15":0,"16":5,"17":9,"18":9,"19":9,"20":9,"21":2,"22":7,"23":7,"24":1,"25":6,"26":6,"27":0,"28":5,"29":1,"30":1,"31":5},"f":{"0":18,"1":7,"2":9,"3":1,"4":1},"b":{"0":[2,16],"1":[18,17],"2":[7],"3":[4,3],"4":[2,7],"5":[1,6]},"_coverageSchema":"1a1c01bbd47fc00a2c39e90264f33305004495a9","hash":"828dcff4fa1a5cfe31293d39345351c636923102"}
,"/home/angel/Рабочий стол/sirius/gift-tracker/routes/gift.js": {"path":"/home/angel/Рабочий стол/sirius/gift-tracker/routes/gift.js","statementMap":{"0":{"start":{"line":4,"column":15},"end":{"line":4,"column":31}},"1":{"start":{"line":34,"column":0},"end":{"line":54,"column":3}},"2":{"start":{"line":35,"column":35},"end":{"line":35,"column":43}},"3":{"start":{"line":36,"column":19},"end":{"line":36,"column":38}},"4":{"start":{"line":38,"column":4},"end":{"line":40,"column":5}},"5":{"start":{"line":39,"column":8},"end":{"line":39,"column":77}},"6":{"start":{"line":43,"column":24},"end":{"line":43,"column":115}},"7":{"start":{"line":45,"column":4},"end":{"line":47,"column":5}},"8":{"start":{"line":46,"column":8},"end":{"line":46,"column":84}},"9":{"start":{"line":50,"column":19},"end":{"line":50,"column":129}},"10":{"start":{"line":52,"column":20},"end":{"line":52,"column":34}},"11":{"start":{"line":53,"column":4},"end":{"line":53,"column":74}},"12":{"start":{"line":58,"column":0},"end":{"line":67,"column":3}},"13":{"start":{"line":59,"column":21},"end":{"line":59,"column":40}},"14":{"start":{"line":60,"column":19},"end":{"line":60,"column":91}},"15":{"start":{"line":62,"column":4},"end":{"line":64,"column":5}},"16":{"start":{"line":63,"column":8},"end":{"line":63,"column":71}},"17":{"start":{"line":66,"column":4},"end":{"line":66,"column":26}},"18":{"start":{"line":70,"column":0},"end":{"line":81,"column":3}},"19":{"start":{"line":71,"column":19},"end":{"line":71,"column":32}},"20":{"start":{"line":72,"column":24},"end":{"line":72,"column":53}},"21":{"start":{"line":74,"column":19},"end":{"line":74,"column":122}},"22":{"start":{"line":76,"column":4},"end":{"line":78,"column":5}},"23":{"start":{"line":77,"column":8},"end":{"line":77,"column":76}},"24":{"start":{"line":80,"column":4},"end":{"line":80,"column":40}},"25":{"start":{"line":84,"column":0},"end":{"line":93,"column":3}},"26":{"start":{"line":85,"column":15},"end":{"line":85,"column":28}},"27":{"start":{"line":86,"column":19},"end":{"line":86,"column":92}},"28":{"start":{"line":88,"column":4},"end":{"line":90,"column":5}},"29":{"start":{"line":89,"column":8},"end":{"line":89,"column":76}},"30":{"start":{"line":92,"column":4},"end":{"line":92,"column":31}}},"fnMap":{"0":{"name":"(anonymous_0)","decl":{"start":{"line":34,"column":17},"end":{"line":34,"column":18}},"loc":{"start":{"line":34,"column":37},"end":{"line":54,"column":1}},"line":34},"1":{"name":"(anonymous_1)","decl":{"start":{"line":58,"column":25},"end":{"line":58,"column":26}},"loc":{"start":{"line":58,"column":45},"end":{"line":67,"column":1}},"line":58},"2":{"name":"(anonymous_2)","decl":{"start":{"line":70,"column":19},"end":{"line":70,"column":20}},"loc":{"start":{"line":70,"column":39},"end":{"line":81,"column":1}},"line":70},"3":{"name":"(anonymous_3)","decl":{"start":{"line":84,"column":22},"end":{"line":84,"column":23}},"loc":{"start":{"line":84,"column":42},"end":{"line":93,"column":1}},"line":84}},"branchMap":{"0":{"loc":{"start":{"line":38,"column":4},"end":{"line":40,"column":5}},"type":"if","locations":[{"start":{"line":38,"column":4},"end":{"line":40,"column":5}},{"start":{},"end":{}}],"line":38},"1":{"loc":{"start":{"line":38,"column":8},"end":{"line":38,"column":43}},"type":"binary-expr","locations":[{"start":{"line":38,"column":8},"end":{"line":38,"column":17}},{"start":{"line":38,"column":21},"end":{"line":38,"column":43}}],"line":38},"2":{"loc":{"start":{"line":45,"column":4},"end":{"line":47,"column":5}},"type":"if","locations":[{"start":{"line":45,"column":4},"end":{"line":47,"column":5}},{"start":{},"end":{}}],"line":45},"3":{"loc":{"start":{"line":62,"column":4},"end":{"line":64,"column":5}},"type":"if","locations":[{"start":{"line":62,"column":4},"end":{"line":64,"column":5}},{"start":{},"end":{}}],"line":62},"4":{"loc":{"start":{"line":76,"column":4},"end":{"line":78,"column":5}},"type":"if","locations":[{"start":{"line":76,"column":4},"end":{"line":78,"column":5}},{"start":{},"end":{}}],"line":76},"5":{"loc":{"start":{"line":88,"column":4},"end":{"line":90,"column":5}},"type":"if","locations":[{"start":{"line":88,"column":4},"end":{"line":90,"column":5}},{"start":{},"end":{}}],"line":88}},"s":{"0":5,"1":5,"2":4,"3":4,"4":4,"5":2,"6":2,"7":2,"8":1,"9":1,"10":1,"11":1,"12":5,"13":0,"14":0,"15":0,"16":0,"17":0,"18":5,"19":2,"20":2,"21":2,"22":2,"23":1,"24":1,"25":5,"26":2,"27":2,"28":2,"29":1,"30":1},"f":{"0":4,"1":0,"2":2,"3":2},"b":{"0":[2,2],"1":[4,2],"2":[1,1],"3":[0,0],"4":[1,1],"5":[1,1]},"_coverageSchema":"1a1c01bbd47fc00a2c39e90264f33305004495a9","hash":"d6f6c92c21b675384cf903736502bbd9c7619620"}
,"/home/angel/Рабочий стол/sirius/gift-tracker/routes/person.js": {"path":"/home/angel/Рабочий стол/sirius/gift-tracker/routes/person.js","statementMap":{"0":{"start":{"line":4,"column":15},"end":{"line":4,"column":31}},"1":{"start":{"line":7,"column":0},"end":{"line":28,"column":3}},"2":{"start":{"line":9,"column":4},"end":{"line":11,"column":5}},"3":{"start":{"line":10,"column":8},"end":{"line":10,"column":76}},"4":{"start":{"line":13,"column":19},"end":{"line":13,"column":38}},"5":{"start":{"line":14,"column":21},"end":{"line":14,"column":29}},"6":{"start":{"line":17,"column":4},"end":{"line":19,"column":5}},"7":{"start":{"line":18,"column":8},"end":{"line":18,"column":84}},"8":{"start":{"line":21,"column":4},"end":{"line":27,"column":5}},"9":{"start":{"line":22,"column":26},"end":{"line":22,"column":124}},"10":{"start":{"line":23,"column":8},"end":{"line":23,"column":97}},"11":{"start":{"line":25,"column":8},"end":{"line":25,"column":72}},"12":{"start":{"line":26,"column":8},"end":{"line":26,"column":96}},"13":{"start":{"line":31,"column":0},"end":{"line":43,"column":3}},"14":{"start":{"line":32,"column":19},"end":{"line":32,"column":38}},"15":{"start":{"line":33,"column":4},"end":{"line":42,"column":5}},"16":{"start":{"line":34,"column":23},"end":{"line":34,"column":92}},"17":{"start":{"line":35,"column":8},"end":{"line":37,"column":9}},"18":{"start":{"line":36,"column":12},"end":{"line":36,"column":74}},"19":{"start":{"line":38,"column":8},"end":{"line":38,"column":30}},"20":{"start":{"line":40,"column":8},"end":{"line":40,"column":75}},"21":{"start":{"line":41,"column":8},"end":{"line":41,"column":101}},"22":{"start":{"line":46,"column":0},"end":{"line":60,"column":3}},"23":{"start":{"line":47,"column":21},"end":{"line":47,"column":34}},"24":{"start":{"line":48,"column":4},"end":{"line":59,"column":5}},"25":{"start":{"line":49,"column":23},"end":{"line":49,"column":99}},"26":{"start":{"line":51,"column":8},"end":{"line":53,"column":9}},"27":{"start":{"line":52,"column":12},"end":{"line":52,"column":74}},"28":{"start":{"line":55,"column":8},"end":{"line":55,"column":87}},"29":{"start":{"line":57,"column":8},"end":{"line":57,"column":70}},"30":{"start":{"line":58,"column":8},"end":{"line":58,"column":96}}},"fnMap":{"0":{"name":"(anonymous_0)","decl":{"start":{"line":7,"column":17},"end":{"line":7,"column":18}},"loc":{"start":{"line":7,"column":37},"end":{"line":28,"column":1}},"line":7},"1":{"name":"(anonymous_1)","decl":{"start":{"line":31,"column":16},"end":{"line":31,"column":17}},"loc":{"start":{"line":31,"column":36},"end":{"line":43,"column":1}},"line":31},"2":{"name":"(anonymous_2)","decl":{"start":{"line":46,"column":22},"end":{"line":46,"column":23}},"loc":{"start":{"line":46,"column":42},"end":{"line":60,"column":1}},"line":46}},"branchMap":{"0":{"loc":{"start":{"line":9,"column":4},"end":{"line":11,"column":5}},"type":"if","locations":[{"start":{"line":9,"column":4},"end":{"line":11,"column":5}},{"start":{},"end":{}}],"line":9},"1":{"loc":{"start":{"line":17,"column":4},"end":{"line":19,"column":5}},"type":"if","locations":[{"start":{"line":17,"column":4},"end":{"line":19,"column":5}},{"start":{},"end":{}}],"line":17},"2":{"loc":{"start":{"line":17,"column":8},"end":{"line":17,"column":35}},"type":"binary-expr","locations":[{"start":{"line":17,"column":8},"end":{"line":17,"column":13}},{"start":{"line":17,"column":17},"end":{"line":17,"column":35}}],"line":17},"3":{"loc":{"start":{"line":35,"column":8},"end":{"line":37,"column":9}},"type":"if","locations":[{"start":{"line":35,"column":8},"end":{"line":37,"column":9}},{"start":{},"end":{}}],"line":35},"4":{"loc":{"start":{"line":51,"column":8},"end":{"line":53,"column":9}},"type":"if","locations":[{"start":{"line":51,"column":8},"end":{"line":53,"column":9}},{"start":{},"end":{}}],"line":51}},"s":{"0":5,"1":5,"2":6,"3":1,"4":5,"5":5,"6":5,"7":2,"8":3,"9":3,"10":2,"11":1,"12":1,"13":5,"14":2,"15":2,"16":2,"17":1,"18":0,"19":1,"20":1,"21":1,"22":5,"23":3,"24":3,"25":3,"26":2,"27":1,"28":1,"29":1,"30":1},"f":{"0":6,"1":2,"2":3},"b":{"0":[1,5],"1":[2,3],"2":[5,4],"3":[0,1],"4":[1,1]},"_coverageSchema":"1a1c01bbd47fc00a2c39e90264f33305004495a9","hash":"2fc1f81d40ae5ae42ae1ef788f39a995d6d8871e"}
}
