TN:
SF:app.js
FN:35,(anonymous_0)
FN:40,(anonymous_1)
FN:52,(anonymous_2)
FNF:3
FNH:2
FNDA:0,(anonymous_0)
FNDA:1,(anonymous_1)
FNDA:5,(anonymous_2)
DA:12,5
DA:14,5
DA:15,5
DA:17,5
DA:18,5
DA:19,5
DA:26,5
DA:29,5
DA:30,5
DA:31,5
DA:32,5
DA:33,5
DA:35,5
DA:36,0
DA:40,5
DA:41,1
DA:42,1
DA:43,1
DA:52,5
DA:53,5
LF:20
LH:19
BRDA:15,0,0,5
BRDA:15,0,1,0
BRF:2
BRH:1
end_of_record
TN:
SF:middleware/checkAdmin.js
FN:1,checkAdminRole
FNF:1
FNH:1
FNDA:20,checkAdminRole
DA:2,20
DA:3,16
DA:5,3
LF:3
LH:3
BRDA:2,0,0,16
BRDA:2,0,1,3
BRDA:2,1,0,20
BRDA:2,1,1,18
BRF:4
BRH:4
end_of_record
TN:
SF:middleware/errorHandler.js
FN:1,(anonymous_0)
FNF:1
FNH:1
FNDA:4,(anonymous_0)
DA:1,6
DA:2,4
DA:3,1
DA:4,1
DA:5,3
DA:6,1
DA:7,1
DA:10,2
DA:11,2
LF:9
LH:9
BRDA:2,0,0,1
BRDA:2,0,1,3
BRDA:5,1,0,1
BRDA:5,1,1,2
BRF:4
BRH:4
end_of_record
TN:
SF:models/db.js
FNF:0
FNH:0
DA:2,5
DA:5,5
DA:7,5
LF:3
LH:3
BRF:0
BRH:0
end_of_record
TN:
SF:routes/admin.js
FN:9,(anonymous_0)
FN:20,(anonymous_1)
FN:52,(anonymous_2)
FN:67,(anonymous_3)
FN:78,(anonymous_4)
FN:108,(anonymous_5)
FN:123,(anonymous_6)
FN:134,(anonymous_7)
FN:159,(anonymous_8)
FN:179,(anonymous_9)
FNF:10
FNH:9
FNDA:1,(anonymous_0)
FNDA:3,(anonymous_1)
FNDA:2,(anonymous_2)
FNDA:1,(anonymous_3)
FNDA:3,(anonymous_4)
FNDA:1,(anonymous_5)
FNDA:0,(anonymous_6)
FNDA:2,(anonymous_7)
FNDA:1,(anonymous_8)
FNDA:1,(anonymous_9)
DA:6,5
DA:9,5
DA:10,1
DA:11,1
DA:12,1
DA:14,0
DA:15,0
DA:20,5
DA:21,3
DA:22,3
DA:23,1
DA:26,2
DA:27,2
DA:28,2
DA:29,1
DA:32,1
DA:34,1
DA:39,1
DA:40,1
DA:42,0
DA:43,0
DA:44,0
DA:46,0
DA:52,5
DA:53,2
DA:54,2
DA:55,2
DA:56,2
DA:57,1
DA:59,1
DA:61,0
DA:62,0
DA:67,5
DA:68,1
DA:69,1
DA:70,1
DA:72,0
DA:73,0
DA:78,5
DA:79,3
DA:81,3
DA:82,0
DA:85,3
DA:86,1
DA:89,2
DA:91,2
DA:92,2
DA:93,2
DA:96,0
DA:100,0
DA:102,0
DA:103,0
DA:108,5
DA:109,1
DA:110,1
DA:111,1
DA:112,1
DA:113,1
DA:115,0
DA:117,0
DA:118,0
DA:123,5
DA:124,0
DA:125,0
DA:126,0
DA:128,0
DA:129,0
DA:134,5
DA:135,2
DA:136,2
DA:137,1
DA:140,1
DA:142,1
DA:143,1
DA:144,1
DA:147,0
DA:151,0
DA:153,0
DA:154,0
DA:159,5
DA:160,1
DA:161,1
DA:162,1
DA:163,0
DA:166,1
DA:167,1
DA:168,1
DA:169,1
DA:171,0
DA:173,0
DA:174,0
DA:179,5
DA:180,1
DA:181,1
DA:182,1
DA:183,1
DA:184,1
DA:186,0
DA:188,0
DA:189,0
LF:100
LH:66
BRDA:21,0,0,1
BRDA:22,1,0,1
BRDA:22,1,1,2
BRDA:22,2,0,3
BRDA:22,2,1,2
BRDA:28,3,0,1
BRDA:28,3,1,1
BRDA:42,4,0,0
BRDA:42,4,1,0
BRDA:56,5,0,1
BRDA:56,5,1,1
BRDA:81,6,0,0
BRDA:81,6,1,3
BRDA:85,7,0,1
BRDA:85,7,1,2
BRDA:85,8,0,3
BRDA:85,8,1,2
BRDA:92,9,0,2
BRDA:92,9,1,0
BRDA:112,10,0,1
BRDA:112,10,1,0
BRDA:135,11,0,2
BRDA:136,12,0,1
BRDA:136,12,1,1
BRDA:136,13,0,2
BRDA:136,13,1,1
BRDA:143,14,0,1
BRDA:143,14,1,0
BRDA:162,15,0,0
BRDA:162,15,1,1
BRDA:168,16,0,1
BRDA:168,16,1,0
BRDA:183,17,0,1
BRDA:183,17,1,0
BRF:34
BRH:25
end_of_record
TN:
SF:routes/auth.js
FN:8,(anonymous_0)
FN:17,(anonymous_1)
FN:34,(anonymous_2)
FN:55,(anonymous_3)
FN:56,(anonymous_4)
FNF:5
FNH:5
FNDA:20,(anonymous_0)
FNDA:7,(anonymous_1)
FNDA:11,(anonymous_2)
FNDA:1,(anonymous_3)
FNDA:1,(anonymous_4)
DA:6,5
DA:8,5
DA:9,20
DA:10,20
DA:11,2
DA:13,18
DA:17,5
DA:18,7
DA:19,7
DA:20,7
DA:21,7
DA:22,5
DA:25,2
DA:26,2
DA:27,1
DA:29,1
DA:34,5
DA:35,11
DA:36,11
DA:37,11
DA:38,11
DA:39,4
DA:42,7
DA:43,7
DA:44,0
DA:47,7
DA:48,7
DA:50,0
DA:55,5
DA:56,1
DA:60,1
DA:64,5
LF:32
LH:30
BRDA:10,0,0,2
BRDA:10,0,1,18
BRDA:10,1,0,20
BRDA:10,1,1,19
BRDA:18,2,0,7
BRDA:21,3,0,5
BRDA:21,3,1,2
BRDA:38,4,0,4
BRDA:38,4,1,7
BRDA:43,5,0,0
BRDA:43,5,1,7
BRF:11
BRH:10
end_of_record
TN:
SF:routes/gift.js
FN:34,(anonymous_0)
FN:58,(anonymous_1)
FN:70,(anonymous_2)
FN:84,(anonymous_3)
FNF:4
FNH:3
FNDA:4,(anonymous_0)
FNDA:0,(anonymous_1)
FNDA:2,(anonymous_2)
FNDA:2,(anonymous_3)
DA:4,5
DA:34,5
DA:35,4
DA:36,4
DA:38,4
DA:39,2
DA:43,2
DA:45,2
DA:46,1
DA:50,1
DA:52,1
DA:53,1
DA:58,5
DA:59,0
DA:60,0
DA:62,0
DA:63,0
DA:66,0
DA:70,5
DA:71,2
DA:72,2
DA:74,2
DA:76,2
DA:77,1
DA:80,1
DA:84,5
DA:85,2
DA:86,2
DA:88,2
DA:89,1
DA:92,1
LF:31
LH:26
BRDA:38,0,0,2
BRDA:38,0,1,2
BRDA:38,1,0,4
BRDA:38,1,1,2
BRDA:45,2,0,1
BRDA:45,2,1,1
BRDA:62,3,0,0
BRDA:62,3,1,0
BRDA:76,4,0,1
BRDA:76,4,1,1
BRDA:88,5,0,1
BRDA:88,5,1,1
BRF:12
BRH:10
end_of_record
TN:
SF:routes/person.js
FN:7,(anonymous_0)
FN:31,(anonymous_1)
FN:46,(anonymous_2)
FNF:3
FNH:3
FNDA:6,(anonymous_0)
FNDA:2,(anonymous_1)
FNDA:3,(anonymous_2)
DA:4,5
DA:7,5
DA:9,6
DA:10,1
DA:13,5
DA:14,5
DA:17,5
DA:18,2
DA:21,3
DA:22,3
DA:23,2
DA:25,1
DA:26,1
DA:31,5
DA:32,2
DA:33,2
DA:34,2
DA:35,1
DA:36,0
DA:38,1
DA:40,1
DA:41,1
DA:46,5
DA:47,3
DA:48,3
DA:49,3
DA:51,2
DA:52,1
DA:55,1
DA:57,1
DA:58,1
LF:31
LH:30
BRDA:9,0,0,1
BRDA:9,0,1,5
BRDA:17,1,0,2
BRDA:17,1,1,3
BRDA:17,2,0,5
BRDA:17,2,1,4
BRDA:35,3,0,0
BRDA:35,3,1,1
BRDA:51,4,0,1
BRDA:51,4,1,1
BRF:10
BRH:9
end_of_record
